#
# There is insufficient memory for the Java Runtime Environment to continue.
# Native memory allocation (mmap) failed to map 134217728 bytes for G1 virtual space
# Possible reasons:
#   The system is out of physical RAM or swap space
#   The process is running with CompressedOops enabled, and the Java Heap may be blocking the growth of the native heap
# Possible solutions:
#   Reduce memory load on the system
#   Increase physical memory or swap space
#   Check if swap backing store is full
#   Decrease Java heap size (-Xmx/-Xms)
#   Decrease number of Java threads
#   Decrease Java thread stack sizes (-Xss)
#   Set larger code cache with -XX:ReservedCodeCacheSize=
#   JVM is running with Unscaled Compressed Oops mode in which the Java heap is
#     placed in the first 4GB address space. The Java Heap base address is the
#     maximum limit for the native heap growth. Please use -XX:HeapBaseMinAddress
#     to set the Java Heap base and to place the Java Heap above 4GB virtual address.
# This output file may be truncated or incomplete.
#
#  Out of Memory Error (./open/src/hotspot/os/windows/os_windows.cpp:3472), pid=19300, tid=21320
#
# JRE version:  (15.0.1+9) (build )
# Java VM: OpenJDK 64-Bit Server VM (15.0.1+9-18, mixed mode, sharing, tiered, compressed oops, g1 gc, windows-amd64)
# No core dump will be written. Minidumps are not enabled by default on client versions of Windows
#

---------------  S U M M A R Y ------------

Command Line: -Dmaven.home=EMBEDDED -Dclassworlds.conf=C:\Users\Carlos\Desktop\GitHub\.metadata\.plugins\org.eclipse.m2e.launching\launches\m2conf7743254164938743446.tmp -Dmaven.multiModuleProjectDirectory=C:\Users\Carlos\Desktop\GitHub\periftech\periftech -Djansi.force=true -Djansi.passthrough=true -Dfile.encoding=Cp1252 -XX:+ShowCodeDetailsInExceptionMessages org.codehaus.plexus.classworlds.launcher.Launcher -B clean -Dstyle.color=always

Host: Intel(R) Core(TM) i7-8550U CPU @ 1.80GHz, 8 cores, 7G,  Windows 10 , 64 bit Build 19041 (10.0.19041.928)
Time: Tue May 11 22:54:00 2021 Hora de verano romance elapsed time: 0.022240 seconds (0d 0h 0m 0s)

---------------  T H R E A D  ---------------

Current thread (0x0000020de0af93a0):  JavaThread "Unknown thread" [_thread_in_vm, id=21320, stack(0x000000ad7b000000,0x000000ad7b100000)]

Stack: [0x000000ad7b000000,0x000000ad7b100000]
Native frames: (J=compiled Java code, j=interpreted, Vv=VM code, C=native code)
V  [jvm.dll+0x62ae9a]
V  [jvm.dll+0x781389]
V  [jvm.dll+0x782ae3]
V  [jvm.dll+0x783143]
V  [jvm.dll+0x216265]
V  [jvm.dll+0x6281d9]
V  [jvm.dll+0x61cd15]
V  [jvm.dll+0x2d01fd]
V  [jvm.dll+0x2d0062]
V  [jvm.dll+0x2d603c]
V  [jvm.dll+0x325b2a]
V  [jvm.dll+0x3251f4]
V  [jvm.dll+0x2a717a]
V  [jvm.dll+0x2a8318]
V  [jvm.dll+0x75e101]
V  [jvm.dll+0x3343e4]
V  [jvm.dll+0x73e826]
V  [jvm.dll+0x3b7777]
V  [jvm.dll+0x3b9201]
C  [jli.dll+0x52fb]
C  [ucrtbase.dll+0x21bb2]
C  [KERNEL32.DLL+0x17034]
C  [ntdll.dll+0x52651]


---------------  P R O C E S S  ---------------

Threads class SMR info:
_java_thread_list=0x00007ff952894ff0, length=0, elements={
}

Java Threads: ( => current thread )

Other Threads:
  0x0000020de0b3a1f0 GCTaskThread "GC Thread#0" [stack: 0x000000ad7b100000,0x000000ad7b200000] [id=12616]
  0x0000020de0b4c900 ConcurrentGCThread "G1 Main Marker" [stack: 0x000000ad7b200000,0x000000ad7b300000] [id=16628]
  0x0000020de0b4e490 ConcurrentGCThread "G1 Conc#0" [stack: 0x000000ad7b300000,0x000000ad7b400000] [id=10228]

[error occurred during error reporting (printing all threads), id 0xc0000005, EXCEPTION_ACCESS_VIOLATION (0xc0000005) at pc=0x00007ff952088047]

VM state: not at safepoint (not fully initialized)

VM Mutex/Monitor currently owned by a thread:  ([mutex/lock_event])
[0x0000020de0af2c20] Heap_lock - owner thread: 0x0000020de0af93a0

Heap address: 0x0000000081400000, size: 2028 MB, Compressed Oops mode: 32-bit
CDS archive(s) mapped at: [0x0000000000000000-0x0000000000000000-0x0000000000000000), size 0, SharedBaseAddress: 0x0000000800000000, ArchiveRelocationMode: 0.
Narrow klass base: 0x0000000000000000, Narrow klass shift: 0, Narrow klass range: 0x0

Heap:
 garbage-first heap   total 131072K, used 0K [0x0000000081400000, 0x0000000100000000)
  region size 1024K, 0 young (0K), 0 survivors (0K)
 Metaspace       used 0K, capacity 0K, committed 0K, reserved 0K
  class space    used 0K, capacity 0K, committed 0K, reserved 0K

Heap Regions: E=young(eden), S=young(survivor), O=old, HS=humongous(starts), HC=humongous(continues), CS=collection set, F=free, OA=open archive, CA=closed archive, TAMS=top-at-mark-start (previous, next)

Card table byte_map: [0x0000020df5b70000,0x0000020df5f70000] _byte_map_base: 0x0000020df5766000

Marking Bits (Prev, Next): (CMBitMap*) 0x0000020de0b3a970, (CMBitMap*) 0x0000020de0b3a9b0
 Prev Bits: [0x0000020df6370000, 0x0000020df8320000)
 Next Bits: [0x0000020df8320000, 0x0000020dfa2d0000)

GC Heap History (0 events):
No events

Deoptimization events (0 events):
No events

Classes unloaded (0 events):
No events

Classes redefined (0 events):
No events

Internal exceptions (0 events):
No events

Events (1 events):
Event: 0.011 Loaded shared library C:\Users\Carlos\Downloads\sts-4.9.0.RELEASE\plugins\org.eclipse.justj.openjdk.hotspot.jre.full.win32.x86_64_15.0.1.v20201027-0507\jre\bin\java.dll


Dynamic libraries:
0x00007ff6abd50000 - 0x00007ff6abd5d000 	C:\Users\Carlos\Downloads\sts-4.9.0.RELEASE\plugins\org.eclipse.justj.openjdk.hotspot.jre.full.win32.x86_64_15.0.1.v20201027-0507\jre\bin\javaw.exe
0x00007ff9e0110000 - 0x00007ff9e0305000 	C:\WINDOWS\SYSTEM32\ntdll.dll
0x00007ff9b6500000 - 0x00007ff9b6513000 	C:\Program Files\AVG\Antivirus\aswhook.dll
0x00007ff9df750000 - 0x00007ff9df80d000 	C:\WINDOWS\System32\KERNEL32.DLL
0x00007ff9ddcd0000 - 0x00007ff9ddf98000 	C:\WINDOWS\System32\KERNELBASE.dll
0x00007ff9ddfa0000 - 0x00007ff9de0a0000 	C:\WINDOWS\System32\ucrtbase.dll
0x00007ff9c3cb0000 - 0x00007ff9c3cc8000 	C:\Users\Carlos\Downloads\sts-4.9.0.RELEASE\plugins\org.eclipse.justj.openjdk.hotspot.jre.full.win32.x86_64_15.0.1.v20201027-0507\jre\bin\jli.dll
0x00007ff9c3cd0000 - 0x00007ff9c3ce9000 	C:\Users\Carlos\Downloads\sts-4.9.0.RELEASE\plugins\org.eclipse.justj.openjdk.hotspot.jre.full.win32.x86_64_15.0.1.v20201027-0507\jre\bin\VCRUNTIME140.dll
0x00007ff9df0d0000 - 0x00007ff9df270000 	C:\WINDOWS\System32\USER32.dll
0x00007ff9de140000 - 0x00007ff9de162000 	C:\WINDOWS\System32\win32u.dll
0x00007ff9cbe50000 - 0x00007ff9cc0ea000 	C:\WINDOWS\WinSxS\amd64_microsoft.windows.common-controls_6595b64144ccf1df_6.0.19041.844_none_ca00b6081b84eb1d\COMCTL32.dll
0x00007ff9dfb10000 - 0x00007ff9dfb3a000 	C:\WINDOWS\System32\GDI32.dll
0x00007ff9ddb90000 - 0x00007ff9ddc9b000 	C:\WINDOWS\System32\gdi32full.dll
0x00007ff9de290000 - 0x00007ff9de32e000 	C:\WINDOWS\System32\msvcrt.dll
0x00007ff9de0a0000 - 0x00007ff9de13d000 	C:\WINDOWS\System32\msvcp_win.dll
0x00007ff9df880000 - 0x00007ff9df8b0000 	C:\WINDOWS\System32\IMM32.DLL
0x00007ff9d21e0000 - 0x00007ff9d21ec000 	C:\Users\Carlos\Downloads\sts-4.9.0.RELEASE\plugins\org.eclipse.justj.openjdk.hotspot.jre.full.win32.x86_64_15.0.1.v20201027-0507\jre\bin\vcruntime140_1.dll
0x00007ff9626a0000 - 0x00007ff962731000 	C:\Users\Carlos\Downloads\sts-4.9.0.RELEASE\plugins\org.eclipse.justj.openjdk.hotspot.jre.full.win32.x86_64_15.0.1.v20201027-0507\jre\bin\msvcp140.dll
0x00007ff951dd0000 - 0x00007ff95292e000 	C:\Users\Carlos\Downloads\sts-4.9.0.RELEASE\plugins\org.eclipse.justj.openjdk.hotspot.jre.full.win32.x86_64_15.0.1.v20201027-0507\jre\bin\server\jvm.dll
0x00007ff9dfa60000 - 0x00007ff9dfb0c000 	C:\WINDOWS\System32\ADVAPI32.dll
0x00007ff9dee80000 - 0x00007ff9def1b000 	C:\WINDOWS\System32\sechost.dll
0x00007ff9de590000 - 0x00007ff9de6bb000 	C:\WINDOWS\System32\RPCRT4.dll
0x00007ff9dee70000 - 0x00007ff9dee78000 	C:\WINDOWS\System32\PSAPI.DLL
0x00007ff9ccef0000 - 0x00007ff9ccf17000 	C:\WINDOWS\SYSTEM32\WINMM.dll
0x00007ff9d6ed0000 - 0x00007ff9d6eda000 	C:\WINDOWS\SYSTEM32\VERSION.dll
0x00007ff9cbb70000 - 0x00007ff9cbb79000 	C:\WINDOWS\SYSTEM32\WSOCK32.dll
0x00007ff9df810000 - 0x00007ff9df87b000 	C:\WINDOWS\System32\WS2_32.dll
0x00007ff9dc0e0000 - 0x00007ff9dc0f2000 	C:\WINDOWS\SYSTEM32\kernel.appcore.dll
0x00007ff9d65c0000 - 0x00007ff9d65ca000 	C:\Users\Carlos\Downloads\sts-4.9.0.RELEASE\plugins\org.eclipse.justj.openjdk.hotspot.jre.full.win32.x86_64_15.0.1.v20201027-0507\jre\bin\jimage.dll
0x00007ff9db650000 - 0x00007ff9db834000 	C:\WINDOWS\SYSTEM32\DBGHELP.DLL
0x00007ff9d4580000 - 0x00007ff9d45ac000 	C:\WINDOWS\SYSTEM32\dbgcore.DLL
0x00007ff9dda60000 - 0x00007ff9ddae0000 	C:\WINDOWS\System32\bcryptPrimitives.dll
0x00007ff9d2de0000 - 0x00007ff9d2e05000 	C:\Users\Carlos\Downloads\sts-4.9.0.RELEASE\plugins\org.eclipse.justj.openjdk.hotspot.jre.full.win32.x86_64_15.0.1.v20201027-0507\jre\bin\java.dll

dbghelp: loaded successfully - version: 4.0.5 - missing functions: none
symbol engine: initialized successfully - sym options: 0x614 - pdb path: .;C:\Users\Carlos\Downloads\sts-4.9.0.RELEASE\plugins\org.eclipse.justj.openjdk.hotspot.jre.full.win32.x86_64_15.0.1.v20201027-0507\jre\bin;C:\WINDOWS\SYSTEM32;C:\Program Files\AVG\Antivirus;C:\WINDOWS\WinSxS\amd64_microsoft.windows.common-controls_6595b64144ccf1df_6.0.19041.844_none_ca00b6081b84eb1d;C:\Users\Carlos\Downloads\sts-4.9.0.RELEASE\plugins\org.eclipse.justj.openjdk.hotspot.jre.full.win32.x86_64_15.0.1.v20201027-0507\jre\bin\server

VM Arguments:
jvm_args: -Dmaven.home=EMBEDDED -Dclassworlds.conf=C:\Users\Carlos\Desktop\GitHub\.metadata\.plugins\org.eclipse.m2e.launching\launches\m2conf7743254164938743446.tmp -Dmaven.multiModuleProjectDirectory=C:\Users\Carlos\Desktop\GitHub\periftech\periftech -Djansi.force=true -Djansi.passthrough=true -Dfile.encoding=Cp1252 -XX:+ShowCodeDetailsInExceptionMessages 
java_command: org.codehaus.plexus.classworlds.launcher.Launcher -B clean -Dstyle.color=always
java_class_path (initial): C:\Users\Carlos\Downloads\sts-4.9.0.RELEASE\plugins\org.eclipse.m2e.maven.runtime_1.16.0.20200610-1735\jars\plexus-classworlds-2.6.0.jar
Launcher Type: SUN_STANDARD

[Global flags]
     intx CICompilerCount                          = 4                                         {product} {ergonomic}
     uint ConcGCThreads                            = 2                                         {product} {ergonomic}
     uint G1ConcRefinementThreads                  = 8                                         {product} {ergonomic}
   size_t G1HeapRegionSize                         = 1048576                                   {product} {ergonomic}
    uintx GCDrainStackTargetSize                   = 64                                        {product} {ergonomic}
   size_t InitialHeapSize                          = 134217728                                 {product} {ergonomic}
   size_t MarkStackSize                            = 4194304                                   {product} {ergonomic}
   size_t MaxHeapSize                              = 2126512128                                {product} {ergonomic}
   size_t MinHeapDeltaBytes                        = 1048576                                   {product} {ergonomic}
   size_t MinHeapSize                              = 8388608                                   {product} {ergonomic}
    uintx NonNMethodCodeHeapSize                   = 5839372                                {pd product} {ergonomic}
    uintx NonProfiledCodeHeapSize                  = 122909434                              {pd product} {ergonomic}
    uintx ProfiledCodeHeapSize                     = 122909434                              {pd product} {ergonomic}
    uintx ReservedCodeCacheSize                    = 251658240                              {pd product} {ergonomic}
     bool SegmentedCodeCache                       = true                                      {product} {ergonomic}
     bool ShowCodeDetailsInExceptionMessages       = true                                   {manageable} {command line}
   size_t SoftMaxHeapSize                          = 2126512128                             {manageable} {ergonomic}
     bool UseCompressedClassPointers               = true                                 {lp64_product} {ergonomic}
     bool UseCompressedOops                        = true                                 {lp64_product} {ergonomic}
     bool UseG1GC                                  = true                                      {product} {ergonomic}
     bool UseLargePagesIndividualAllocation        = false                                  {pd product} {ergonomic}

Logging:
Log output configuration:
 #0: stdout all=warning uptime,level,tags
 #1: stderr all=off uptime,level,tags

Environment Variables:
PATH=C:/Users/Carlos/Downloads/sts-4.9.0.RELEASE//plugins/org.eclipse.justj.openjdk.hotspot.jre.full.win32.x86_64_15.0.1.v20201027-0507/jre/bin/server;C:/Users/Carlos/Downloads/sts-4.9.0.RELEASE//plugins/org.eclipse.justj.openjdk.hotspot.jre.full.win32.x86_64_15.0.1.v20201027-0507/jre/bin;C:\ProgramData\Oracle\Java\javapath;C:\Users\Carlos\Downloads\OracleXE112_Win32\app\oracle\product\11.2.0\server\bin;C:\Program Files (x86)\Common Files\Oracle\Java\javapath;C:\Program Files (x86)\Intel\Intel(R) Management Engine Components\iCLS\;C:\Program Files\Intel\Intel(R) Management Engine Components\iCLS\;C:\WINDOWS\system32;C:\WINDOWS;C:\WINDOWS\System32\Wbem;C:\WINDOWS\System32\WindowsPowerShell\v1.0\;C:\Program Files (x86)\Intel\Intel(R) Management Engine Components\DAL;C:\Program Files\Intel\Intel(R) Management Engine Components\DAL;C:\Program Files (x86)\Intel\Intel(R) Management Engine Components\IPT;C:\Program Files\Intel\Intel(R) Management Engine Components\IPT;C:\WINDOWS\System32\OpenSSH\;C:\Program Files (x86)\mingw-w64\i686-8.1.0-posix-dwarf-rt_v6-rev0\mingw32\bin;C:\Program Files\Git\cmd;C:\Program Files\Docker\Docker\resources\bin;C:\ProgramData\DockerDesktop\version-bin;C:\WINDOWS\system32\config\systemprofile\AppData\Local\Microsoft\WindowsApps;C:\Modeltech_pe_edu_10.4a\win32pe_edu;C:\Users\Carlos\Documents\Segundo año\Primer cuatrimestre\IP\Microsoft VS Code\bin;C:\Program Files (x86)\Quest Software\vWorkspace Client\;C:\Users\Carlos\AppData\Local\Microsoft\WindowsApps;C:\Users\Carlos\AppData\Local\GitHubDesktop\bin;C:\Users\Carlos\Downloads\sts-4.9.0.RELEASE;
USERNAME=Carlos
OS=Windows_NT
PROCESSOR_IDENTIFIER=Intel64 Family 6 Model 142 Stepping 10, GenuineIntel



---------------  S Y S T E M  ---------------

OS:
 Windows 10 , 64 bit Build 19041 (10.0.19041.928)
OS uptime: 0 days 9:35 hours
HyperV virtualization detected

CPU: total 8 (initial active 8) (4 cores per cpu, 2 threads per core) family 6 model 142 stepping 10 microcode 0xe0, cmov, cx8, fxsr, mmx, sse, sse2, sse3, ssse3, sse4.1, sse4.2, popcnt, vzeroupper, avx, avx2, aes, clmul, erms, 3dnowpref, lzcnt, ht, tsc, tscinvbit, bmi1, bmi2, adx, fma, clflush, clflushopt

Memory: 4k page, system-wide physical 8107M (661M free)
TotalPageFile size 15690M (AvailPageFile size 13M)
current process WorkingSet (physical memory assigned to process): 10M, peak: 10M
current process commit charge ("private bytes"): 60M, peak: 188M

vm_info: OpenJDK 64-Bit Server VM (15.0.1+9-18) for windows-amd64 JRE (15.0.1+9-18), built on Sep 15 2020 14:39:31 by "mach5one" with unknown MS VC++:1925

END.
